<?xml version="1.0" encoding="UTF-8"?>
<coverage generated="1552054447602" clover="3.2.0">
  <project timestamp="1552054447602" name="All files">
    <metrics statements="31" coveredstatements="31" conditionals="15" coveredconditionals="14" methods="15" coveredmethods="15" elements="61" coveredelements="60" complexity="0" loc="31" ncloc="31" packages="1" files="1" classes="1"/>
    <file name="inflector.js" path="/Applications/MAMP/htdocs/zero/src/core/inflector.js">
      <metrics statements="31" coveredstatements="31" conditionals="15" coveredconditionals="14" methods="15" coveredmethods="15"/>
      <line num="118" count="6" type="stmt"/>
      <line num="119" count="6" type="cond" truecount="2" falsecount="0"/>
      <line num="120" count="2" type="stmt"/>
      <line num="122" count="4" type="stmt"/>
      <line num="123" count="4" type="cond" truecount="1" falsecount="1"/>
      <line num="124" count="4" type="stmt"/>
      <line num="125" count="29" type="cond" truecount="2" falsecount="0"/>
      <line num="126" count="4" type="stmt"/>
      <line num="127" count="4" type="stmt"/>
      <line num="132" count="6" type="stmt"/>
      <line num="142" count="1" type="stmt"/>
      <line num="157" count="3" type="stmt"/>
      <line num="176" count="3" type="stmt"/>
      <line num="192" count="3" type="cond" truecount="2" falsecount="0"/>
      <line num="203" count="3" type="stmt"/>
      <line num="216" count="2" type="stmt"/>
      <line num="217" count="2" type="cond" truecount="2" falsecount="0"/>
      <line num="218" count="1" type="stmt"/>
      <line num="220" count="2" type="stmt"/>
      <line num="232" count="1" type="stmt"/>
      <line num="243" count="1" type="stmt"/>
      <line num="254" count="3" type="stmt"/>
      <line num="255" count="3" type="stmt"/>
      <line num="256" count="3" type="stmt"/>
      <line num="267" count="1" type="stmt"/>
      <line num="278" count="1" type="stmt"/>
      <line num="291" count="2" type="cond" truecount="2" falsecount="0"/>
      <line num="302" count="1" type="stmt"/>
      <line num="303" count="1" type="stmt"/>
      <line num="304" count="7" type="stmt"/>
      <line num="306" count="1" type="stmt"/>
    </file>
  </project>
</coverage>
