{"/Applications/MAMP/htdocs/zero/src/core/inflector.js": {"path":"/Applications/MAMP/htdocs/zero/src/core/inflector.js","statementMap":{"0":{"start":{"line":118,"column":21},"end":{"line":118,"column":24}},"1":{"start":{"line":119,"column":4},"end":{"line":131,"column":5}},"2":{"start":{"line":120,"column":6},"end":{"line":120,"column":28}},"3":{"start":{"line":122,"column":22},"end":{"line":122,"column":58}},"4":{"start":{"line":123,"column":6},"end":{"line":130,"column":7}},"5":{"start":{"line":124,"column":8},"end":{"line":129,"column":9}},"6":{"start":{"line":124,"column":21},"end":{"line":124,"column":22}},"7":{"start":{"line":125,"column":10},"end":{"line":128,"column":11}},"8":{"start":{"line":126,"column":12},"end":{"line":126,"column":70}},"9":{"start":{"line":127,"column":12},"end":{"line":127,"column":18}},"10":{"start":{"line":132,"column":4},"end":{"line":132,"column":22}},"11":{"start":{"line":142,"column":4},"end":{"line":142,"column":21}},"12":{"start":{"line":157,"column":4},"end":{"line":162,"column":6}},"13":{"start":{"line":176,"column":4},"end":{"line":181,"column":6}},"14":{"start":{"line":192,"column":4},"end":{"line":192,"column":86}},"15":{"start":{"line":203,"column":4},"end":{"line":203,"column":26}},"16":{"start":{"line":216,"column":25},"end":{"line":216,"column":39}},"17":{"start":{"line":217,"column":4},"end":{"line":219,"column":5}},"18":{"start":{"line":218,"column":6},"end":{"line":218,"column":50}},"19":{"start":{"line":220,"column":4},"end":{"line":220,"column":26}},"20":{"start":{"line":232,"column":4},"end":{"line":232,"column":27}},"21":{"start":{"line":243,"column":4},"end":{"line":243,"column":26}},"22":{"start":{"line":254,"column":18},"end":{"line":254,"column":33}},"23":{"start":{"line":255,"column":17},"end":{"line":255,"column":40}},"24":{"start":{"line":256,"column":4},"end":{"line":256,"column":16}},"25":{"start":{"line":267,"column":4},"end":{"line":267,"column":48}},"26":{"start":{"line":278,"column":4},"end":{"line":278,"column":48}},"27":{"start":{"line":291,"column":4},"end":{"line":291,"column":88}},"28":{"start":{"line":302,"column":25},"end":{"line":302,"column":28}},"29":{"start":{"line":303,"column":4},"end":{"line":305,"column":7}},"30":{"start":{"line":304,"column":6},"end":{"line":304,"column":74}},"31":{"start":{"line":306,"column":4},"end":{"line":306,"column":26}}},"fnMap":{"0":{"name":"(anonymous_0)","decl":{"start":{"line":117,"column":2},"end":{"line":117,"column":3}},"loc":{"start":{"line":117,"column":41},"end":{"line":133,"column":3}},"line":117},"1":{"name":"(anonymous_1)","decl":{"start":{"line":141,"column":2},"end":{"line":141,"column":3}},"loc":{"start":{"line":141,"column":19},"end":{"line":143,"column":3}},"line":141},"2":{"name":"(anonymous_2)","decl":{"start":{"line":156,"column":2},"end":{"line":156,"column":3}},"loc":{"start":{"line":156,"column":25},"end":{"line":163,"column":3}},"line":156},"3":{"name":"(anonymous_3)","decl":{"start":{"line":175,"column":2},"end":{"line":175,"column":3}},"loc":{"start":{"line":175,"column":29},"end":{"line":182,"column":3}},"line":175},"4":{"name":"(anonymous_4)","decl":{"start":{"line":191,"column":2},"end":{"line":191,"column":3}},"loc":{"start":{"line":191,"column":40},"end":{"line":193,"column":3}},"line":191},"5":{"name":"(anonymous_5)","decl":{"start":{"line":202,"column":2},"end":{"line":202,"column":3}},"loc":{"start":{"line":202,"column":18},"end":{"line":204,"column":3}},"line":202},"6":{"name":"(anonymous_6)","decl":{"start":{"line":215,"column":2},"end":{"line":215,"column":3}},"loc":{"start":{"line":215,"column":40},"end":{"line":221,"column":3}},"line":215},"7":{"name":"(anonymous_7)","decl":{"start":{"line":231,"column":2},"end":{"line":231,"column":3}},"loc":{"start":{"line":231,"column":18},"end":{"line":233,"column":3}},"line":231},"8":{"name":"(anonymous_8)","decl":{"start":{"line":242,"column":2},"end":{"line":242,"column":3}},"loc":{"start":{"line":242,"column":17},"end":{"line":244,"column":3}},"line":242},"9":{"name":"(anonymous_9)","decl":{"start":{"line":253,"column":2},"end":{"line":253,"column":3}},"loc":{"start":{"line":253,"column":18},"end":{"line":257,"column":3}},"line":253},"10":{"name":"(anonymous_10)","decl":{"start":{"line":266,"column":2},"end":{"line":266,"column":3}},"loc":{"start":{"line":266,"column":16},"end":{"line":268,"column":3}},"line":266},"11":{"name":"(anonymous_11)","decl":{"start":{"line":277,"column":2},"end":{"line":277,"column":3}},"loc":{"start":{"line":277,"column":16},"end":{"line":279,"column":3}},"line":277},"12":{"name":"(anonymous_12)","decl":{"start":{"line":290,"column":2},"end":{"line":290,"column":3}},"loc":{"start":{"line":290,"column":38},"end":{"line":292,"column":3}},"line":290},"13":{"name":"(anonymous_13)","decl":{"start":{"line":301,"column":2},"end":{"line":301,"column":3}},"loc":{"start":{"line":301,"column":18},"end":{"line":307,"column":3}},"line":301},"14":{"name":"(anonymous_14)","decl":{"start":{"line":303,"column":30},"end":{"line":303,"column":31}},"loc":{"start":{"line":303,"column":41},"end":{"line":305,"column":5}},"line":303}},"branchMap":{"0":{"loc":{"start":{"line":119,"column":4},"end":{"line":131,"column":5}},"type":"if","locations":[{"start":{"line":119,"column":4},"end":{"line":131,"column":5}},{"start":{"line":119,"column":4},"end":{"line":131,"column":5}}],"line":119},"1":{"loc":{"start":{"line":123,"column":6},"end":{"line":130,"column":7}},"type":"if","locations":[{"start":{"line":123,"column":6},"end":{"line":130,"column":7}},{"start":{"line":123,"column":6},"end":{"line":130,"column":7}}],"line":123},"2":{"loc":{"start":{"line":125,"column":10},"end":{"line":128,"column":11}},"type":"if","locations":[{"start":{"line":125,"column":10},"end":{"line":128,"column":11}},{"start":{"line":125,"column":10},"end":{"line":128,"column":11}}],"line":125},"3":{"loc":{"start":{"line":191,"column":16},"end":{"line":191,"column":38}},"type":"default-arg","locations":[{"start":{"line":191,"column":33},"end":{"line":191,"column":38}}],"line":191},"4":{"loc":{"start":{"line":192,"column":11},"end":{"line":192,"column":85}},"type":"cond-expr","locations":[{"start":{"line":192,"column":28},"end":{"line":192,"column":56}},{"start":{"line":192,"column":59},"end":{"line":192,"column":85}}],"line":192},"5":{"loc":{"start":{"line":215,"column":16},"end":{"line":215,"column":38}},"type":"default-arg","locations":[{"start":{"line":215,"column":33},"end":{"line":215,"column":38}}],"line":215},"6":{"loc":{"start":{"line":217,"column":4},"end":{"line":219,"column":5}},"type":"if","locations":[{"start":{"line":217,"column":4},"end":{"line":219,"column":5}},{"start":{"line":217,"column":4},"end":{"line":219,"column":5}}],"line":217},"7":{"loc":{"start":{"line":290,"column":18},"end":{"line":290,"column":36}},"type":"default-arg","locations":[{"start":{"line":290,"column":31},"end":{"line":290,"column":36}}],"line":290},"8":{"loc":{"start":{"line":291,"column":55},"end":{"line":291,"column":82}},"type":"cond-expr","locations":[{"start":{"line":291,"column":71},"end":{"line":291,"column":73}},{"start":{"line":291,"column":78},"end":{"line":291,"column":81}}],"line":291}},"s":{"0":6,"1":6,"2":2,"3":4,"4":4,"5":4,"6":4,"7":29,"8":4,"9":4,"10":6,"11":1,"12":3,"13":3,"14":3,"15":3,"16":2,"17":2,"18":1,"19":2,"20":1,"21":1,"22":3,"23":3,"24":3,"25":1,"26":1,"27":2,"28":1,"29":1,"30":7,"31":1},"f":{"0":6,"1":1,"2":3,"3":3,"4":3,"5":3,"6":2,"7":1,"8":1,"9":3,"10":1,"11":1,"12":2,"13":1,"14":7},"b":{"0":[2,4],"1":[4,0],"2":[4,25],"3":[2],"4":[1,2],"5":[1],"6":[1,1],"7":[1],"8":[1,1]},"_coverageSchema":"43e27e138ebf9cfc5966b082cf9a028302ed4184","hash":"2cdf912c09b64af85557e0afd1b73f1148e09e6a"}
}
