{"/Users/francescocolonna/Desktop/dev/zero/src/core/inflector.js": {"path":"/Users/francescocolonna/Desktop/dev/zero/src/core/inflector.js","statementMap":{"0":{"start":{"line":13,"column":18},"end":{"line":309,"column":1}},"1":{"start":{"line":119,"column":21},"end":{"line":119,"column":24}},"2":{"start":{"line":120,"column":4},"end":{"line":132,"column":5}},"3":{"start":{"line":121,"column":6},"end":{"line":121,"column":28}},"4":{"start":{"line":123,"column":22},"end":{"line":123,"column":58}},"5":{"start":{"line":124,"column":6},"end":{"line":131,"column":7}},"6":{"start":{"line":125,"column":8},"end":{"line":130,"column":9}},"7":{"start":{"line":125,"column":21},"end":{"line":125,"column":22}},"8":{"start":{"line":126,"column":10},"end":{"line":129,"column":11}},"9":{"start":{"line":127,"column":12},"end":{"line":127,"column":70}},"10":{"start":{"line":128,"column":12},"end":{"line":128,"column":18}},"11":{"start":{"line":133,"column":4},"end":{"line":133,"column":22}},"12":{"start":{"line":143,"column":4},"end":{"line":143,"column":21}},"13":{"start":{"line":158,"column":4},"end":{"line":163,"column":6}},"14":{"start":{"line":177,"column":4},"end":{"line":182,"column":6}},"15":{"start":{"line":193,"column":4},"end":{"line":193,"column":86}},"16":{"start":{"line":204,"column":4},"end":{"line":204,"column":26}},"17":{"start":{"line":217,"column":25},"end":{"line":217,"column":39}},"18":{"start":{"line":218,"column":4},"end":{"line":220,"column":5}},"19":{"start":{"line":219,"column":6},"end":{"line":219,"column":50}},"20":{"start":{"line":221,"column":4},"end":{"line":221,"column":26}},"21":{"start":{"line":233,"column":4},"end":{"line":233,"column":27}},"22":{"start":{"line":244,"column":4},"end":{"line":244,"column":26}},"23":{"start":{"line":255,"column":18},"end":{"line":255,"column":33}},"24":{"start":{"line":256,"column":17},"end":{"line":256,"column":40}},"25":{"start":{"line":257,"column":4},"end":{"line":257,"column":16}},"26":{"start":{"line":268,"column":4},"end":{"line":268,"column":48}},"27":{"start":{"line":279,"column":4},"end":{"line":279,"column":48}},"28":{"start":{"line":292,"column":4},"end":{"line":292,"column":88}},"29":{"start":{"line":303,"column":25},"end":{"line":303,"column":28}},"30":{"start":{"line":304,"column":4},"end":{"line":306,"column":7}},"31":{"start":{"line":305,"column":6},"end":{"line":305,"column":74}},"32":{"start":{"line":307,"column":4},"end":{"line":307,"column":26}}},"fnMap":{"0":{"name":"(anonymous_0)","decl":{"start":{"line":118,"column":2},"end":{"line":118,"column":3}},"loc":{"start":{"line":118,"column":41},"end":{"line":134,"column":3}},"line":118},"1":{"name":"(anonymous_1)","decl":{"start":{"line":142,"column":2},"end":{"line":142,"column":3}},"loc":{"start":{"line":142,"column":19},"end":{"line":144,"column":3}},"line":142},"2":{"name":"(anonymous_2)","decl":{"start":{"line":157,"column":2},"end":{"line":157,"column":3}},"loc":{"start":{"line":157,"column":25},"end":{"line":164,"column":3}},"line":157},"3":{"name":"(anonymous_3)","decl":{"start":{"line":176,"column":2},"end":{"line":176,"column":3}},"loc":{"start":{"line":176,"column":29},"end":{"line":183,"column":3}},"line":176},"4":{"name":"(anonymous_4)","decl":{"start":{"line":192,"column":2},"end":{"line":192,"column":3}},"loc":{"start":{"line":192,"column":40},"end":{"line":194,"column":3}},"line":192},"5":{"name":"(anonymous_5)","decl":{"start":{"line":203,"column":2},"end":{"line":203,"column":3}},"loc":{"start":{"line":203,"column":18},"end":{"line":205,"column":3}},"line":203},"6":{"name":"(anonymous_6)","decl":{"start":{"line":216,"column":2},"end":{"line":216,"column":3}},"loc":{"start":{"line":216,"column":40},"end":{"line":222,"column":3}},"line":216},"7":{"name":"(anonymous_7)","decl":{"start":{"line":232,"column":2},"end":{"line":232,"column":3}},"loc":{"start":{"line":232,"column":18},"end":{"line":234,"column":3}},"line":232},"8":{"name":"(anonymous_8)","decl":{"start":{"line":243,"column":2},"end":{"line":243,"column":3}},"loc":{"start":{"line":243,"column":17},"end":{"line":245,"column":3}},"line":243},"9":{"name":"(anonymous_9)","decl":{"start":{"line":254,"column":2},"end":{"line":254,"column":3}},"loc":{"start":{"line":254,"column":18},"end":{"line":258,"column":3}},"line":254},"10":{"name":"(anonymous_10)","decl":{"start":{"line":267,"column":2},"end":{"line":267,"column":3}},"loc":{"start":{"line":267,"column":16},"end":{"line":269,"column":3}},"line":267},"11":{"name":"(anonymous_11)","decl":{"start":{"line":278,"column":2},"end":{"line":278,"column":3}},"loc":{"start":{"line":278,"column":16},"end":{"line":280,"column":3}},"line":278},"12":{"name":"(anonymous_12)","decl":{"start":{"line":291,"column":2},"end":{"line":291,"column":3}},"loc":{"start":{"line":291,"column":38},"end":{"line":293,"column":3}},"line":291},"13":{"name":"(anonymous_13)","decl":{"start":{"line":302,"column":2},"end":{"line":302,"column":3}},"loc":{"start":{"line":302,"column":18},"end":{"line":308,"column":3}},"line":302},"14":{"name":"(anonymous_14)","decl":{"start":{"line":304,"column":30},"end":{"line":304,"column":31}},"loc":{"start":{"line":304,"column":41},"end":{"line":306,"column":5}},"line":304}},"branchMap":{"0":{"loc":{"start":{"line":120,"column":4},"end":{"line":132,"column":5}},"type":"if","locations":[{"start":{"line":120,"column":4},"end":{"line":132,"column":5}},{"start":{"line":120,"column":4},"end":{"line":132,"column":5}}],"line":120},"1":{"loc":{"start":{"line":124,"column":6},"end":{"line":131,"column":7}},"type":"if","locations":[{"start":{"line":124,"column":6},"end":{"line":131,"column":7}},{"start":{"line":124,"column":6},"end":{"line":131,"column":7}}],"line":124},"2":{"loc":{"start":{"line":126,"column":10},"end":{"line":129,"column":11}},"type":"if","locations":[{"start":{"line":126,"column":10},"end":{"line":129,"column":11}},{"start":{"line":126,"column":10},"end":{"line":129,"column":11}}],"line":126},"3":{"loc":{"start":{"line":192,"column":16},"end":{"line":192,"column":38}},"type":"default-arg","locations":[{"start":{"line":192,"column":33},"end":{"line":192,"column":38}}],"line":192},"4":{"loc":{"start":{"line":193,"column":11},"end":{"line":193,"column":85}},"type":"cond-expr","locations":[{"start":{"line":193,"column":28},"end":{"line":193,"column":56}},{"start":{"line":193,"column":59},"end":{"line":193,"column":85}}],"line":193},"5":{"loc":{"start":{"line":216,"column":16},"end":{"line":216,"column":38}},"type":"default-arg","locations":[{"start":{"line":216,"column":33},"end":{"line":216,"column":38}}],"line":216},"6":{"loc":{"start":{"line":218,"column":4},"end":{"line":220,"column":5}},"type":"if","locations":[{"start":{"line":218,"column":4},"end":{"line":220,"column":5}},{"start":{"line":218,"column":4},"end":{"line":220,"column":5}}],"line":218},"7":{"loc":{"start":{"line":291,"column":18},"end":{"line":291,"column":36}},"type":"default-arg","locations":[{"start":{"line":291,"column":31},"end":{"line":291,"column":36}}],"line":291},"8":{"loc":{"start":{"line":292,"column":55},"end":{"line":292,"column":82}},"type":"cond-expr","locations":[{"start":{"line":292,"column":71},"end":{"line":292,"column":73}},{"start":{"line":292,"column":78},"end":{"line":292,"column":81}}],"line":292}},"s":{"0":1,"1":6,"2":6,"3":2,"4":4,"5":4,"6":4,"7":4,"8":29,"9":4,"10":4,"11":6,"12":1,"13":3,"14":3,"15":3,"16":3,"17":2,"18":2,"19":1,"20":2,"21":1,"22":1,"23":3,"24":3,"25":3,"26":1,"27":1,"28":2,"29":1,"30":1,"31":7,"32":1},"f":{"0":6,"1":1,"2":3,"3":3,"4":3,"5":3,"6":2,"7":1,"8":1,"9":3,"10":1,"11":1,"12":2,"13":1,"14":7},"b":{"0":[2,4],"1":[4,0],"2":[4,25],"3":[2],"4":[1,2],"5":[1],"6":[1,1],"7":[1],"8":[1,1]},"_coverageSchema":"43e27e138ebf9cfc5966b082cf9a028302ed4184","hash":"8f9b3f628d0a2647701629502f132a6ce46ec0cc"}
,"/Users/francescocolonna/Desktop/dev/zero/src/utils/json_da.js": {"path":"/Users/francescocolonna/Desktop/dev/zero/src/utils/json_da.js","statementMap":{"0":{"start":{"line":1,"column":12},"end":{"line":1,"column":43}},"1":{"start":{"line":4,"column":16},"end":{"line":4,"column":50}},"2":{"start":{"line":5,"column":2},"end":{"line":5,"column":27}},"3":{"start":{"line":14,"column":15},"end":{"line":104,"column":1}},"4":{"start":{"line":25,"column":4},"end":{"line":32,"column":5}},"5":{"start":{"line":26,"column":23},"end":{"line":26,"column":48}},"6":{"start":{"line":27,"column":6},"end":{"line":30,"column":9}},"7":{"start":{"line":31,"column":6},"end":{"line":31,"column":22}},"8":{"start":{"line":33,"column":4},"end":{"line":33,"column":36}},"9":{"start":{"line":43,"column":4},"end":{"line":45,"column":5}},"10":{"start":{"line":44,"column":6},"end":{"line":44,"column":63}},"11":{"start":{"line":47,"column":17},"end":{"line":47,"column":51}},"12":{"start":{"line":49,"column":4},"end":{"line":100,"column":7}},"13":{"start":{"line":50,"column":6},"end":{"line":58,"column":7}},"14":{"start":{"line":51,"column":8},"end":{"line":51,"column":26}},"15":{"start":{"line":52,"column":13},"end":{"line":58,"column":7}},"16":{"start":{"line":53,"column":8},"end":{"line":53,"column":27}},"17":{"start":{"line":54,"column":13},"end":{"line":58,"column":7}},"18":{"start":{"line":55,"column":8},"end":{"line":55,"column":26}},"19":{"start":{"line":56,"column":13},"end":{"line":58,"column":7}},"20":{"start":{"line":57,"column":8},"end":{"line":57,"column":31}},"21":{"start":{"line":60,"column":28},"end":{"line":60,"column":49}},"22":{"start":{"line":61,"column":6},"end":{"line":77,"column":7}},"23":{"start":{"line":62,"column":8},"end":{"line":76,"column":9}},"24":{"start":{"line":64,"column":12},"end":{"line":64,"column":72}},"25":{"start":{"line":65,"column":12},"end":{"line":65,"column":18}},"26":{"start":{"line":67,"column":12},"end":{"line":67,"column":50}},"27":{"start":{"line":68,"column":12},"end":{"line":68,"column":18}},"28":{"start":{"line":74,"column":12},"end":{"line":74,"column":18}},"29":{"start":{"line":79,"column":6},"end":{"line":99,"column":7}},"30":{"start":{"line":80,"column":8},"end":{"line":98,"column":11}},"31":{"start":{"line":81,"column":34},"end":{"line":81,"column":80}},"32":{"start":{"line":82,"column":10},"end":{"line":88,"column":11}},"33":{"start":{"line":83,"column":12},"end":{"line":87,"column":15}},"34":{"start":{"line":89,"column":10},"end":{"line":95,"column":11}},"35":{"start":{"line":90,"column":12},"end":{"line":94,"column":15}},"36":{"start":{"line":96,"column":10},"end":{"line":96,"column":61}},"37":{"start":{"line":97,"column":10},"end":{"line":97,"column":28}},"38":{"start":{"line":101,"column":4},"end":{"line":101,"column":16}}},"fnMap":{"0":{"name":"isSpecial","decl":{"start":{"line":3,"column":9},"end":{"line":3,"column":18}},"loc":{"start":{"line":3,"column":26},"end":{"line":6,"column":1}},"line":3},"1":{"name":"(anonymous_1)","decl":{"start":{"line":24,"column":2},"end":{"line":24,"column":3}},"loc":{"start":{"line":24,"column":21},"end":{"line":34,"column":3}},"line":24},"2":{"name":"(anonymous_2)","decl":{"start":{"line":42,"column":2},"end":{"line":42,"column":3}},"loc":{"start":{"line":42,"column":34},"end":{"line":102,"column":3}},"line":42},"3":{"name":"(anonymous_3)","decl":{"start":{"line":49,"column":30},"end":{"line":49,"column":31}},"loc":{"start":{"line":49,"column":40},"end":{"line":100,"column":5}},"line":49},"4":{"name":"(anonymous_4)","decl":{"start":{"line":80,"column":37},"end":{"line":80,"column":38}},"loc":{"start":{"line":80,"column":57},"end":{"line":98,"column":9}},"line":80}},"branchMap":{"0":{"loc":{"start":{"line":25,"column":4},"end":{"line":32,"column":5}},"type":"if","locations":[{"start":{"line":25,"column":4},"end":{"line":32,"column":5}},{"start":{"line":25,"column":4},"end":{"line":32,"column":5}}],"line":25},"1":{"loc":{"start":{"line":42,"column":18},"end":{"line":42,"column":32}},"type":"default-arg","locations":[{"start":{"line":42,"column":30},"end":{"line":42,"column":32}}],"line":42},"2":{"loc":{"start":{"line":43,"column":4},"end":{"line":45,"column":5}},"type":"if","locations":[{"start":{"line":43,"column":4},"end":{"line":45,"column":5}},{"start":{"line":43,"column":4},"end":{"line":45,"column":5}}],"line":43},"3":{"loc":{"start":{"line":50,"column":6},"end":{"line":58,"column":7}},"type":"if","locations":[{"start":{"line":50,"column":6},"end":{"line":58,"column":7}},{"start":{"line":50,"column":6},"end":{"line":58,"column":7}}],"line":50},"4":{"loc":{"start":{"line":52,"column":13},"end":{"line":58,"column":7}},"type":"if","locations":[{"start":{"line":52,"column":13},"end":{"line":58,"column":7}},{"start":{"line":52,"column":13},"end":{"line":58,"column":7}}],"line":52},"5":{"loc":{"start":{"line":54,"column":13},"end":{"line":58,"column":7}},"type":"if","locations":[{"start":{"line":54,"column":13},"end":{"line":58,"column":7}},{"start":{"line":54,"column":13},"end":{"line":58,"column":7}}],"line":54},"6":{"loc":{"start":{"line":56,"column":13},"end":{"line":58,"column":7}},"type":"if","locations":[{"start":{"line":56,"column":13},"end":{"line":58,"column":7}},{"start":{"line":56,"column":13},"end":{"line":58,"column":7}}],"line":56},"7":{"loc":{"start":{"line":61,"column":6},"end":{"line":77,"column":7}},"type":"if","locations":[{"start":{"line":61,"column":6},"end":{"line":77,"column":7}},{"start":{"line":61,"column":6},"end":{"line":77,"column":7}}],"line":61},"8":{"loc":{"start":{"line":62,"column":8},"end":{"line":76,"column":9}},"type":"switch","locations":[{"start":{"line":63,"column":10},"end":{"line":65,"column":18}},{"start":{"line":66,"column":10},"end":{"line":68,"column":18}},{"start":{"line":69,"column":10},"end":{"line":74,"column":18}},{"start":{"line":75,"column":10},"end":{"line":75,"column":18}}],"line":62},"9":{"loc":{"start":{"line":79,"column":6},"end":{"line":99,"column":7}},"type":"if","locations":[{"start":{"line":79,"column":6},"end":{"line":99,"column":7}},{"start":{"line":79,"column":6},"end":{"line":99,"column":7}}],"line":79},"10":{"loc":{"start":{"line":79,"column":10},"end":{"line":79,"column":51}},"type":"binary-expr","locations":[{"start":{"line":79,"column":10},"end":{"line":79,"column":26}},{"start":{"line":79,"column":30},"end":{"line":79,"column":51}}],"line":79},"11":{"loc":{"start":{"line":82,"column":10},"end":{"line":88,"column":11}},"type":"if","locations":[{"start":{"line":82,"column":10},"end":{"line":88,"column":11}},{"start":{"line":82,"column":10},"end":{"line":88,"column":11}}],"line":82},"12":{"loc":{"start":{"line":89,"column":10},"end":{"line":95,"column":11}},"type":"if","locations":[{"start":{"line":89,"column":10},"end":{"line":95,"column":11}},{"start":{"line":89,"column":10},"end":{"line":95,"column":11}}],"line":89}},"s":{"0":1,"1":9,"2":9,"3":1,"4":4,"5":4,"6":3,"7":3,"8":0,"9":4,"10":1,"11":3,"12":3,"13":9,"14":3,"15":6,"16":1,"17":5,"18":1,"19":4,"20":1,"21":9,"22":9,"23":0,"24":0,"25":0,"26":0,"27":0,"28":0,"29":9,"30":3,"31":3,"32":3,"33":1,"34":3,"35":3,"36":3,"37":3,"38":3},"f":{"0":9,"1":4,"2":4,"3":9,"4":3},"b":{"0":[4,0],"1":[3],"2":[1,3],"3":[3,6],"4":[1,5],"5":[1,4],"6":[1,3],"7":[0,9],"8":[0,0,0,0],"9":[3,6],"10":[9,3],"11":[1,2],"12":[3,0]},"_coverageSchema":"43e27e138ebf9cfc5966b082cf9a028302ed4184","hash":"61396e721cabc9e4a3036ca9d72d0d490d83a3f4"}
}
