TN:
SF:/Users/francescocolonna/Desktop/dev/zero/src/core/inflector.js
FN:118,(anonymous_0)
FN:142,(anonymous_1)
FN:157,(anonymous_2)
FN:176,(anonymous_3)
FN:192,(anonymous_4)
FN:203,(anonymous_5)
FN:216,(anonymous_6)
FN:232,(anonymous_7)
FN:243,(anonymous_8)
FN:254,(anonymous_9)
FN:267,(anonymous_10)
FN:278,(anonymous_11)
FN:291,(anonymous_12)
FN:302,(anonymous_13)
FN:304,(anonymous_14)
FNF:15
FNH:15
FNDA:6,(anonymous_0)
FNDA:1,(anonymous_1)
FNDA:3,(anonymous_2)
FNDA:3,(anonymous_3)
FNDA:3,(anonymous_4)
FNDA:3,(anonymous_5)
FNDA:2,(anonymous_6)
FNDA:1,(anonymous_7)
FNDA:1,(anonymous_8)
FNDA:3,(anonymous_9)
FNDA:1,(anonymous_10)
FNDA:1,(anonymous_11)
FNDA:2,(anonymous_12)
FNDA:1,(anonymous_13)
FNDA:7,(anonymous_14)
DA:13,1
DA:119,6
DA:120,6
DA:121,2
DA:123,4
DA:124,4
DA:125,4
DA:126,29
DA:127,4
DA:128,4
DA:133,6
DA:143,1
DA:158,3
DA:177,3
DA:193,3
DA:204,3
DA:217,2
DA:218,2
DA:219,1
DA:221,2
DA:233,1
DA:244,1
DA:255,3
DA:256,3
DA:257,3
DA:268,1
DA:279,1
DA:292,2
DA:303,1
DA:304,1
DA:305,7
DA:307,1
LF:32
LH:32
BRDA:120,0,0,2
BRDA:120,0,1,4
BRDA:124,1,0,4
BRDA:124,1,1,0
BRDA:126,2,0,4
BRDA:126,2,1,25
BRDA:192,3,0,2
BRDA:193,4,0,1
BRDA:193,4,1,2
BRDA:216,5,0,1
BRDA:218,6,0,1
BRDA:218,6,1,1
BRDA:291,7,0,1
BRDA:292,8,0,1
BRDA:292,8,1,1
BRF:15
BRH:14
end_of_record
TN:
SF:/Users/francescocolonna/Desktop/dev/zero/src/utils/json_da.js
FN:3,isSpecial
FN:24,(anonymous_1)
FN:42,(anonymous_2)
FN:49,(anonymous_3)
FN:80,(anonymous_4)
FNF:5
FNH:5
FNDA:9,isSpecial
FNDA:4,(anonymous_1)
FNDA:4,(anonymous_2)
FNDA:9,(anonymous_3)
FNDA:3,(anonymous_4)
DA:1,1
DA:4,9
DA:5,9
DA:14,1
DA:25,4
DA:26,4
DA:27,3
DA:31,3
DA:33,0
DA:43,4
DA:44,1
DA:47,3
DA:49,3
DA:50,9
DA:51,3
DA:52,6
DA:53,1
DA:54,5
DA:55,1
DA:56,4
DA:57,1
DA:60,9
DA:61,9
DA:62,0
DA:64,0
DA:65,0
DA:67,0
DA:68,0
DA:74,0
DA:79,9
DA:80,3
DA:81,3
DA:82,3
DA:83,1
DA:89,3
DA:90,3
DA:96,3
DA:97,3
DA:101,3
LF:39
LH:32
BRDA:25,0,0,4
BRDA:25,0,1,0
BRDA:42,1,0,3
BRDA:43,2,0,1
BRDA:43,2,1,3
BRDA:50,3,0,3
BRDA:50,3,1,6
BRDA:52,4,0,1
BRDA:52,4,1,5
BRDA:54,5,0,1
BRDA:54,5,1,4
BRDA:56,6,0,1
BRDA:56,6,1,3
BRDA:61,7,0,0
BRDA:61,7,1,9
BRDA:62,8,0,0
BRDA:62,8,1,0
BRDA:62,8,2,0
BRDA:62,8,3,0
BRDA:79,9,0,3
BRDA:79,9,1,6
BRDA:79,10,0,9
BRDA:79,10,1,3
BRDA:82,11,0,1
BRDA:82,11,1,2
BRDA:89,12,0,3
BRDA:89,12,1,0
BRF:27
BRH:20
end_of_record
