TN:
SF:/Applications/MAMP/htdocs/zero/src/core/inflector.js
FN:117,(anonymous_0)
FN:141,(anonymous_1)
FN:156,(anonymous_2)
FN:175,(anonymous_3)
FN:191,(anonymous_4)
FN:202,(anonymous_5)
FN:215,(anonymous_6)
FN:231,(anonymous_7)
FN:242,(anonymous_8)
FN:253,(anonymous_9)
FN:266,(anonymous_10)
FN:277,(anonymous_11)
FN:290,(anonymous_12)
FN:301,(anonymous_13)
FN:303,(anonymous_14)
FNF:15
FNH:15
FNDA:6,(anonymous_0)
FNDA:1,(anonymous_1)
FNDA:3,(anonymous_2)
FNDA:3,(anonymous_3)
FNDA:3,(anonymous_4)
FNDA:3,(anonymous_5)
FNDA:2,(anonymous_6)
FNDA:1,(anonymous_7)
FNDA:1,(anonymous_8)
FNDA:3,(anonymous_9)
FNDA:1,(anonymous_10)
FNDA:1,(anonymous_11)
FNDA:2,(anonymous_12)
FNDA:1,(anonymous_13)
FNDA:7,(anonymous_14)
DA:118,6
DA:119,6
DA:120,2
DA:122,4
DA:123,4
DA:124,4
DA:125,29
DA:126,4
DA:127,4
DA:132,6
DA:142,1
DA:157,3
DA:176,3
DA:192,3
DA:203,3
DA:216,2
DA:217,2
DA:218,1
DA:220,2
DA:232,1
DA:243,1
DA:254,3
DA:255,3
DA:256,3
DA:267,1
DA:278,1
DA:291,2
DA:302,1
DA:303,1
DA:304,7
DA:306,1
LF:31
LH:31
BRDA:119,0,0,2
BRDA:119,0,1,4
BRDA:123,1,0,4
BRDA:123,1,1,0
BRDA:125,2,0,4
BRDA:125,2,1,25
BRDA:191,3,0,2
BRDA:192,4,0,1
BRDA:192,4,1,2
BRDA:215,5,0,1
BRDA:217,6,0,1
BRDA:217,6,1,1
BRDA:290,7,0,1
BRDA:291,8,0,1
BRDA:291,8,1,1
BRF:15
BRH:14
end_of_record
